[debug] [2019-06-06T11:02:32.395Z] ----------------------------------------------------------------------
[debug] [2019-06-06T11:02:32.398Z] Command:       C:\Program Files\nodejs\node.exe C:\Users\u001590\AppData\Roaming\npm\node_modules\firebase-tools\lib\bin\firebase.js init
[debug] [2019-06-06T11:02:32.398Z] CLI Version:   6.11.0
[debug] [2019-06-06T11:02:32.398Z] Platform:      win32
[debug] [2019-06-06T11:02:32.398Z] Node Version:  v10.13.0
[debug] [2019-06-06T11:02:32.400Z] Time:          Thu Jun 06 2019 08:02:32 GMT-0300 (GMT-03:00)
[debug] [2019-06-06T11:02:32.400Z] ----------------------------------------------------------------------
[debug] 
[debug] [2019-06-06T11:02:32.408Z] > command requires scopes: ["email","openid","https://www.googleapis.com/auth/cloudplatformprojects.readonly","https://www.googleapis.com/auth/firebase","https://www.googleapis.com/auth/cloud-platform"]
[debug] [2019-06-06T11:02:32.409Z] > authorizing via signed-in user
[info] 
     ######## #### ########  ######## ########     ###     ######  ########
     ##        ##  ##     ## ##       ##     ##  ##   ##  ##       ##
     ######    ##  ########  ######   ########  #########  ######  ######
     ##        ##  ##    ##  ##       ##     ## ##     ##       ## ##
     ##       #### ##     ## ######## ########  ##     ##  ######  ########

You're about to initialize a Firebase project in this directory:

  c:\Dev\Personal\BelaAjuda

Before we get started, keep in mind:

  * You are currently outside your home directory

[info] 
=== Project Setup
[info] 
[info] First, let's associate this project directory with a Firebase project.
[info] You can create multiple project aliases by running firebase use --add, 
[info] but for now we'll just set up a default project.
[info] 
[debug] [2019-06-06T11:02:37.595Z] >>> HTTP REQUEST GET https://firebase.googleapis.com/v1beta1/projects?page_size=100  
 
[debug] [2019-06-06T11:02:38.859Z] <<< HTTP RESPONSE 200
[info] i  Using project belaajuda-2a706 (BelaAjuda)
[info] 
=== Hosting Setup
[info] 
[info] Your public directory is the folder (relative to your project directory) that
[info] will contain Hosting assets to be uploaded with firebase deploy. If you
[info] have a build process for your assets, use your build's output directory.
[info] 
[info] +  Wrote public/404.html
[debug] [2019-06-06T11:02:44.616Z] >>> HTTP REQUEST GET https://www.gstatic.com/firebasejs/releases.json  
 
[debug] [2019-06-06T11:02:44.884Z] Error: self signed certificate in certificate chain
    at TLSSocket.onConnectSecure (_tls_wrap.js:1049:34)
    at TLSSocket.emit (events.js:182:13)
    at TLSSocket.EventEmitter.emit (domain.js:442:20)
    at TLSSocket._finishInit (_tls_wrap.js:631:8)
[error] 
[error] Error: Server Error. self signed certificate in certificate chain
[debug] [2019-06-06T11:04:34.345Z] ----------------------------------------------------------------------
[debug] [2019-06-06T11:04:34.348Z] Command:       C:\Program Files\nodejs\node.exe C:\Users\u001590\AppData\Roaming\npm\node_modules\firebase-tools\lib\bin\firebase.js init
[debug] [2019-06-06T11:04:34.348Z] CLI Version:   6.11.0
[debug] [2019-06-06T11:04:34.348Z] Platform:      win32
[debug] [2019-06-06T11:04:34.348Z] Node Version:  v10.13.0
[debug] [2019-06-06T11:04:34.350Z] Time:          Thu Jun 06 2019 08:04:34 GMT-0300 (GMT-03:00)
[debug] [2019-06-06T11:04:34.350Z] ----------------------------------------------------------------------
[debug] 
[debug] [2019-06-06T11:04:34.358Z] > command requires scopes: ["email","openid","https://www.googleapis.com/auth/cloudplatformprojects.readonly","https://www.googleapis.com/auth/firebase","https://www.googleapis.com/auth/cloud-platform"]
[debug] [2019-06-06T11:04:34.359Z] > authorizing via signed-in user
[info] 
     ######## #### ########  ######## ########     ###     ######  ########
     ##        ##  ##     ## ##       ##     ##  ##   ##  ##       ##
     ######    ##  ########  ######   ########  #########  ######  ######
     ##        ##  ##    ##  ##       ##     ## ##     ##       ## ##
     ##       #### ##     ## ######## ########  ##     ##  ######  ########

You're about to initialize a Firebase project in this directory:

  c:\Dev\Personal\BelaAjuda

Before we get started, keep in mind:

  * You are currently outside your home directory

[info] 
=== Project Setup
[info] 
[info] First, let's associate this project directory with a Firebase project.
[info] You can create multiple project aliases by running firebase use --add, 
[info] but for now we'll just set up a default project.
[info] 
[debug] [2019-06-06T11:04:38.814Z] >>> HTTP REQUEST GET https://firebase.googleapis.com/v1beta1/projects?page_size=100  
 
[debug] [2019-06-06T11:04:40.411Z] <<< HTTP RESPONSE 200
[info] i  Using project belaajuda-2a706 (BelaAjuda)
[info] 
=== Hosting Setup
[info] 
[info] Your public directory is the folder (relative to your project directory) that
[info] will contain Hosting assets to be uploaded with firebase deploy. If you
[info] have a build process for your assets, use your build's output directory.
[info] 
[info] i  Skipping write of public/404.html
[debug] [2019-06-06T11:04:57.512Z] >>> HTTP REQUEST GET https://www.gstatic.com/firebasejs/releases.json  
 
[debug] [2019-06-06T11:04:58.597Z] Error: self signed certificate in certificate chain
    at TLSSocket.onConnectSecure (_tls_wrap.js:1049:34)
    at TLSSocket.emit (events.js:182:13)
    at TLSSocket.EventEmitter.emit (domain.js:442:20)
    at TLSSocket._finishInit (_tls_wrap.js:631:8)
[error] 
[error] Error: Server Error. self signed certificate in certificate chain
